2025-06-22T12:04:30.140+08:00  INFO 39788 --- [springboot-mvc] [main] e.d.SpringbootProjectScheduleApplication : Starting SpringbootProjectScheduleApplication using Java 21.0.6 with PID 39788 (C:\Users\andrew wu\eclipse-workspace\springboot-project-schedule\target\classes started by andrew wu in C:\Users\andrew wu\eclipse-workspace\springboot-project-schedule)
2025-06-22T12:04:30.198+08:00  INFO 39788 --- [springboot-mvc] [main] e.d.SpringbootProjectScheduleApplication : No active profile set, falling back to 1 default profile: "default"
2025-06-22T12:04:31.406+08:00  INFO 39788 --- [springboot-mvc] [main] .s.d.r.c.RepositoryConfigurationDelegate : Multiple Spring Data modules found, entering strict repository configuration mode
2025-06-22T12:04:31.427+08:00  INFO 39788 --- [springboot-mvc] [main] .s.d.r.c.RepositoryConfigurationDelegate : Bootstrapping Spring Data JDBC repositories in DEFAULT mode.
2025-06-22T12:04:31.481+08:00  INFO 39788 --- [springboot-mvc] [main] .RepositoryConfigurationExtensionSupport : Spring Data JDBC - Could not safely identify store assignment for repository candidate interface com.example.demo.repository.UserRepository; If you want this repository to be a JDBC repository, consider annotating your entities with one of these annotations: org.springframework.data.relational.core.mapping.Table.
2025-06-22T12:04:31.501+08:00  INFO 39788 --- [springboot-mvc] [main] .s.d.r.c.RepositoryConfigurationDelegate : Finished Spring Data repository scanning in 48 ms. Found 0 JDBC repository interfaces.
2025-06-22T12:04:31.535+08:00  INFO 39788 --- [springboot-mvc] [main] .s.d.r.c.RepositoryConfigurationDelegate : Multiple Spring Data modules found, entering strict repository configuration mode
2025-06-22T12:04:31.554+08:00  INFO 39788 --- [springboot-mvc] [main] .s.d.r.c.RepositoryConfigurationDelegate : Bootstrapping Spring Data JPA repositories in DEFAULT mode.
2025-06-22T12:04:31.703+08:00  INFO 39788 --- [springboot-mvc] [main] .s.d.r.c.RepositoryConfigurationDelegate : Finished Spring Data repository scanning in 124 ms. Found 1 JPA repository interface.
2025-06-22T12:04:31.736+08:00  INFO 39788 --- [springboot-mvc] [main] .s.d.r.c.RepositoryConfigurationDelegate : Multiple Spring Data modules found, entering strict repository configuration mode
2025-06-22T12:04:31.758+08:00  INFO 39788 --- [springboot-mvc] [main] .s.d.r.c.RepositoryConfigurationDelegate : Bootstrapping Spring Data Redis repositories in DEFAULT mode.
2025-06-22T12:04:31.784+08:00  INFO 39788 --- [springboot-mvc] [main] .RepositoryConfigurationExtensionSupport : Spring Data Redis - Could not safely identify store assignment for repository candidate interface com.example.demo.repository.UserRepository; If you want this repository to be a Redis repository, consider annotating your entities with one of these annotations: org.springframework.data.redis.core.RedisHash (preferred), or consider extending one of the following types with your repository: org.springframework.data.keyvalue.repository.KeyValueRepository
2025-06-22T12:04:31.799+08:00  INFO 39788 --- [springboot-mvc] [main] .s.d.r.c.RepositoryConfigurationDelegate : Finished Spring Data repository scanning in 20 ms. Found 0 Redis repository interfaces.
2025-06-22T12:04:32.368+08:00  INFO 39788 --- [springboot-mvc] [main] o.s.b.w.embedded.tomcat.TomcatWebServer  : Tomcat initialized with port 8080 (http)
2025-06-22T12:04:32.402+08:00  INFO 39788 --- [springboot-mvc] [main] o.apache.catalina.core.StandardService   : Starting service [Tomcat]
2025-06-22T12:04:32.416+08:00  INFO 39788 --- [springboot-mvc] [main] o.apache.catalina.core.StandardEngine    : Starting Servlet engine: [Apache Tomcat/10.1.41]
2025-06-22T12:04:32.593+08:00  INFO 39788 --- [springboot-mvc] [main] org.apache.jasper.servlet.TldScanner     : At least one JAR was scanned for TLDs yet contained no TLDs. Enable debug logging for this logger for a complete list of JARs that were scanned but no TLDs were found in them. Skipping unneeded JARs during scanning can improve startup time and JSP compilation time.
2025-06-22T12:04:32.612+08:00  INFO 39788 --- [springboot-mvc] [main] o.a.c.c.C.[Tomcat].[localhost].[/]       : Initializing Spring embedded WebApplicationContext
2025-06-22T12:04:32.627+08:00  INFO 39788 --- [springboot-mvc] [main] w.s.c.ServletWebServerApplicationContext : Root WebApplicationContext: initialization completed in 2370 ms
2025-06-22T12:04:32.783+08:00  INFO 39788 --- [springboot-mvc] [main] o.hibernate.jpa.internal.util.LogHelper  : HHH000204: Processing PersistenceUnitInfo [name: default]
2025-06-22T12:04:32.860+08:00  INFO 39788 --- [springboot-mvc] [main] org.hibernate.Version                    : HHH000412: Hibernate ORM core version 6.6.15.Final
2025-06-22T12:04:32.909+08:00  INFO 39788 --- [springboot-mvc] [main] o.h.c.internal.RegionFactoryInitiator    : HHH000026: Second-level cache disabled
2025-06-22T12:04:33.172+08:00  INFO 39788 --- [springboot-mvc] [main] o.s.o.j.p.SpringPersistenceUnitInfo      : No LoadTimeWeaver setup: ignoring JPA class transformer
2025-06-22T12:04:33.218+08:00  INFO 39788 --- [springboot-mvc] [main] com.zaxxer.hikari.HikariDataSource       : HikariPool-1 - Starting...
2025-06-22T12:04:33.245+08:00  INFO 39788 --- [springboot-mvc] [main] com.zaxxer.hikari.pool.HikariPool        : HikariPool-1 - Added connection com.mysql.cj.jdbc.ConnectionImpl@713497cd
2025-06-22T12:04:33.260+08:00  INFO 39788 --- [springboot-mvc] [main] com.zaxxer.hikari.HikariDataSource       : HikariPool-1 - Start completed.
2025-06-22T12:04:33.310+08:00  WARN 39788 --- [springboot-mvc] [main] org.hibernate.orm.deprecation            : HHH90000025: MySQLDialect does not need to be specified explicitly using 'hibernate.dialect' (remove the property setting and it will be selected by default)
2025-06-22T12:04:33.341+08:00  INFO 39788 --- [springboot-mvc] [main] org.hibernate.orm.connections.pooling    : HHH10001005: Database info:
	Database JDBC URL [Connecting through datasource 'HikariDataSource (HikariPool-1)']
	Database driver: undefined/unknown
	Database version: 8.0.34
	Autocommit mode: undefined/unknown
	Isolation level: undefined/unknown
	Minimum pool size: undefined/unknown
	Maximum pool size: undefined/unknown
2025-06-22T12:04:33.492+08:00  WARN 39788 --- [springboot-mvc] [main] ConfigServletWebServerApplicationContext : Exception encountered during context initialization - cancelling refresh attempt: org.springframework.beans.factory.BeanCreationException: Error creating bean with name 'entityManagerFactory' defined in class path resource [org/springframework/boot/autoconfigure/orm/jpa/HibernateJpaConfiguration.class]: Property 'com.example.demo.model.entity.StakeHolder.stakeHolderMatrix' is annotated '@Enumerated' but its type 'java.lang.String' is not an enum
2025-06-22T12:04:33.504+08:00  INFO 39788 --- [springboot-mvc] [main] com.zaxxer.hikari.HikariDataSource       : HikariPool-1 - Shutdown initiated...
2025-06-22T12:04:33.552+08:00  INFO 39788 --- [springboot-mvc] [main] com.zaxxer.hikari.HikariDataSource       : HikariPool-1 - Shutdown completed.
2025-06-22T12:04:33.568+08:00  INFO 39788 --- [springboot-mvc] [main] o.apache.catalina.core.StandardService   : Stopping service [Tomcat]
2025-06-22T12:04:33.591+08:00  INFO 39788 --- [springboot-mvc] [main] .s.b.a.l.ConditionEvaluationReportLogger : 

Error starting ApplicationContext. To display the condition evaluation report re-run your application with 'debug' enabled.
2025-06-22T21:34:39.429+08:00  INFO 32408 --- [springboot-mvc] [main] e.d.SpringbootProjectScheduleApplication : Starting SpringbootProjectScheduleApplication using Java 21.0.6 with PID 32408 (C:\Users\andrew wu\eclipse-workspace\springboot-project-schedule\target\classes started by andrew wu in C:\Users\andrew wu\eclipse-workspace\springboot-project-schedule)
2025-06-22T21:34:39.497+08:00  INFO 32408 --- [springboot-mvc] [main] e.d.SpringbootProjectScheduleApplication : No active profile set, falling back to 1 default profile: "default"
2025-06-22T21:34:40.480+08:00  INFO 32408 --- [springboot-mvc] [main] .s.d.r.c.RepositoryConfigurationDelegate : Multiple Spring Data modules found, entering strict repository configuration mode
2025-06-22T21:34:40.502+08:00  INFO 32408 --- [springboot-mvc] [main] .s.d.r.c.RepositoryConfigurationDelegate : Bootstrapping Spring Data JDBC repositories in DEFAULT mode.
2025-06-22T21:34:40.543+08:00  INFO 32408 --- [springboot-mvc] [main] .s.d.r.c.RepositoryConfigurationDelegate : Finished Spring Data repository scanning in 14 ms. Found 0 JDBC repository interfaces.
2025-06-22T21:34:40.571+08:00  INFO 32408 --- [springboot-mvc] [main] .s.d.r.c.RepositoryConfigurationDelegate : Multiple Spring Data modules found, entering strict repository configuration mode
2025-06-22T21:34:40.596+08:00  INFO 32408 --- [springboot-mvc] [main] .s.d.r.c.RepositoryConfigurationDelegate : Bootstrapping Spring Data JPA repositories in DEFAULT mode.
2025-06-22T21:34:40.620+08:00  INFO 32408 --- [springboot-mvc] [main] .s.d.r.c.RepositoryConfigurationDelegate : Finished Spring Data repository scanning in 3 ms. Found 0 JPA repository interfaces.
2025-06-22T21:34:40.651+08:00  INFO 32408 --- [springboot-mvc] [main] .s.d.r.c.RepositoryConfigurationDelegate : Multiple Spring Data modules found, entering strict repository configuration mode
2025-06-22T21:34:40.667+08:00  INFO 32408 --- [springboot-mvc] [main] .s.d.r.c.RepositoryConfigurationDelegate : Bootstrapping Spring Data Redis repositories in DEFAULT mode.
2025-06-22T21:34:40.699+08:00  INFO 32408 --- [springboot-mvc] [main] .s.d.r.c.RepositoryConfigurationDelegate : Finished Spring Data repository scanning in 4 ms. Found 0 Redis repository interfaces.
2025-06-22T21:34:41.334+08:00  INFO 32408 --- [springboot-mvc] [main] o.s.b.w.embedded.tomcat.TomcatWebServer  : Tomcat initialized with port 8080 (http)
2025-06-22T21:34:41.363+08:00  INFO 32408 --- [springboot-mvc] [main] o.apache.catalina.core.StandardService   : Starting service [Tomcat]
2025-06-22T21:34:41.380+08:00  INFO 32408 --- [springboot-mvc] [main] o.apache.catalina.core.StandardEngine    : Starting Servlet engine: [Apache Tomcat/10.1.41]
2025-06-22T21:34:41.553+08:00  INFO 32408 --- [springboot-mvc] [main] org.apache.jasper.servlet.TldScanner     : At least one JAR was scanned for TLDs yet contained no TLDs. Enable debug logging for this logger for a complete list of JARs that were scanned but no TLDs were found in them. Skipping unneeded JARs during scanning can improve startup time and JSP compilation time.
2025-06-22T21:34:41.571+08:00  INFO 32408 --- [springboot-mvc] [main] o.a.c.c.C.[Tomcat].[localhost].[/]       : Initializing Spring embedded WebApplicationContext
2025-06-22T21:34:41.587+08:00  INFO 32408 --- [springboot-mvc] [main] w.s.c.ServletWebServerApplicationContext : Root WebApplicationContext: initialization completed in 2037 ms
2025-06-22T21:34:41.735+08:00  INFO 32408 --- [springboot-mvc] [main] o.hibernate.jpa.internal.util.LogHelper  : HHH000204: Processing PersistenceUnitInfo [name: default]
2025-06-22T21:34:41.819+08:00  INFO 32408 --- [springboot-mvc] [main] org.hibernate.Version                    : HHH000412: Hibernate ORM core version 6.6.15.Final
2025-06-22T21:34:41.866+08:00  INFO 32408 --- [springboot-mvc] [main] o.h.c.internal.RegionFactoryInitiator    : HHH000026: Second-level cache disabled
2025-06-22T21:34:42.133+08:00  INFO 32408 --- [springboot-mvc] [main] o.s.o.j.p.SpringPersistenceUnitInfo      : No LoadTimeWeaver setup: ignoring JPA class transformer
2025-06-22T21:34:42.176+08:00  INFO 32408 --- [springboot-mvc] [main] com.zaxxer.hikari.HikariDataSource       : HikariPool-1 - Starting...
2025-06-22T21:34:42.205+08:00  INFO 32408 --- [springboot-mvc] [main] com.zaxxer.hikari.pool.HikariPool        : HikariPool-1 - Added connection com.mysql.cj.jdbc.ConnectionImpl@1a914a00
2025-06-22T21:34:42.221+08:00  INFO 32408 --- [springboot-mvc] [main] com.zaxxer.hikari.HikariDataSource       : HikariPool-1 - Start completed.
2025-06-22T21:34:42.285+08:00  WARN 32408 --- [springboot-mvc] [main] org.hibernate.orm.deprecation            : HHH90000025: MySQLDialect does not need to be specified explicitly using 'hibernate.dialect' (remove the property setting and it will be selected by default)
2025-06-22T21:34:42.317+08:00  INFO 32408 --- [springboot-mvc] [main] org.hibernate.orm.connections.pooling    : HHH10001005: Database info:
	Database JDBC URL [Connecting through datasource 'HikariDataSource (HikariPool-1)']
	Database driver: undefined/unknown
	Database version: 8.0.34
	Autocommit mode: undefined/unknown
	Isolation level: undefined/unknown
	Minimum pool size: undefined/unknown
	Maximum pool size: undefined/unknown
2025-06-22T21:34:42.461+08:00  WARN 32408 --- [springboot-mvc] [main] ConfigServletWebServerApplicationContext : Exception encountered during context initialization - cancelling refresh attempt: org.springframework.beans.factory.BeanCreationException: Error creating bean with name 'entityManagerFactory' defined in class path resource [org/springframework/boot/autoconfigure/orm/jpa/HibernateJpaConfiguration.class]: Property 'com.example.demo.model.entity.StakeHolder.stakeHolderMatrix' is annotated '@Enumerated' but its type 'java.lang.String' is not an enum
2025-06-22T21:34:42.473+08:00  INFO 32408 --- [springboot-mvc] [main] com.zaxxer.hikari.HikariDataSource       : HikariPool-1 - Shutdown initiated...
2025-06-22T21:34:42.513+08:00  INFO 32408 --- [springboot-mvc] [main] com.zaxxer.hikari.HikariDataSource       : HikariPool-1 - Shutdown completed.
2025-06-22T21:34:42.536+08:00  INFO 32408 --- [springboot-mvc] [main] o.apache.catalina.core.StandardService   : Stopping service [Tomcat]
2025-06-22T21:34:42.575+08:00  INFO 32408 --- [springboot-mvc] [main] .s.b.a.l.ConditionEvaluationReportLogger : 

Error starting ApplicationContext. To display the condition evaluation report re-run your application with 'debug' enabled.
2025-06-22T21:36:01.789+08:00  INFO 28288 --- [springboot-mvc] [main] e.d.SpringbootProjectScheduleApplication : Starting SpringbootProjectScheduleApplication using Java 21.0.6 with PID 28288 (C:\Users\andrew wu\eclipse-workspace\springboot-project-schedule\target\classes started by andrew wu in C:\Users\andrew wu\eclipse-workspace\springboot-project-schedule)
2025-06-22T21:36:01.835+08:00  INFO 28288 --- [springboot-mvc] [main] e.d.SpringbootProjectScheduleApplication : No active profile set, falling back to 1 default profile: "default"
2025-06-22T21:36:02.448+08:00  INFO 28288 --- [springboot-mvc] [main] .s.d.r.c.RepositoryConfigurationDelegate : Multiple Spring Data modules found, entering strict repository configuration mode
2025-06-22T21:36:02.467+08:00  INFO 28288 --- [springboot-mvc] [main] .s.d.r.c.RepositoryConfigurationDelegate : Bootstrapping Spring Data JDBC repositories in DEFAULT mode.
2025-06-22T21:36:02.503+08:00  INFO 28288 --- [springboot-mvc] [main] .s.d.r.c.RepositoryConfigurationDelegate : Finished Spring Data repository scanning in 14 ms. Found 0 JDBC repository interfaces.
2025-06-22T21:36:02.527+08:00  INFO 28288 --- [springboot-mvc] [main] .s.d.r.c.RepositoryConfigurationDelegate : Multiple Spring Data modules found, entering strict repository configuration mode
2025-06-22T21:36:02.543+08:00  INFO 28288 --- [springboot-mvc] [main] .s.d.r.c.RepositoryConfigurationDelegate : Bootstrapping Spring Data JPA repositories in DEFAULT mode.
2025-06-22T21:36:02.564+08:00  INFO 28288 --- [springboot-mvc] [main] .s.d.r.c.RepositoryConfigurationDelegate : Finished Spring Data repository scanning in 4 ms. Found 0 JPA repository interfaces.
2025-06-22T21:36:02.590+08:00  INFO 28288 --- [springboot-mvc] [main] .s.d.r.c.RepositoryConfigurationDelegate : Multiple Spring Data modules found, entering strict repository configuration mode
2025-06-22T21:36:02.607+08:00  INFO 28288 --- [springboot-mvc] [main] .s.d.r.c.RepositoryConfigurationDelegate : Bootstrapping Spring Data Redis repositories in DEFAULT mode.
2025-06-22T21:36:02.637+08:00  INFO 28288 --- [springboot-mvc] [main] .s.d.r.c.RepositoryConfigurationDelegate : Finished Spring Data repository scanning in 3 ms. Found 0 Redis repository interfaces.
2025-06-22T21:36:03.157+08:00  INFO 28288 --- [springboot-mvc] [main] o.s.b.w.embedded.tomcat.TomcatWebServer  : Tomcat initialized with port 8080 (http)
2025-06-22T21:36:03.185+08:00  INFO 28288 --- [springboot-mvc] [main] o.apache.catalina.core.StandardService   : Starting service [Tomcat]
2025-06-22T21:36:03.201+08:00  INFO 28288 --- [springboot-mvc] [main] o.apache.catalina.core.StandardEngine    : Starting Servlet engine: [Apache Tomcat/10.1.41]
2025-06-22T21:36:03.356+08:00  INFO 28288 --- [springboot-mvc] [main] org.apache.jasper.servlet.TldScanner     : At least one JAR was scanned for TLDs yet contained no TLDs. Enable debug logging for this logger for a complete list of JARs that were scanned but no TLDs were found in them. Skipping unneeded JARs during scanning can improve startup time and JSP compilation time.
2025-06-22T21:36:03.377+08:00  INFO 28288 --- [springboot-mvc] [main] o.a.c.c.C.[Tomcat].[localhost].[/]       : Initializing Spring embedded WebApplicationContext
2025-06-22T21:36:03.388+08:00  INFO 28288 --- [springboot-mvc] [main] w.s.c.ServletWebServerApplicationContext : Root WebApplicationContext: initialization completed in 1502 ms
2025-06-22T21:36:03.515+08:00  INFO 28288 --- [springboot-mvc] [main] o.hibernate.jpa.internal.util.LogHelper  : HHH000204: Processing PersistenceUnitInfo [name: default]
2025-06-22T21:36:03.561+08:00  INFO 28288 --- [springboot-mvc] [main] org.hibernate.Version                    : HHH000412: Hibernate ORM core version 6.6.15.Final
2025-06-22T21:36:03.600+08:00  INFO 28288 --- [springboot-mvc] [main] o.h.c.internal.RegionFactoryInitiator    : HHH000026: Second-level cache disabled
2025-06-22T21:36:03.802+08:00  INFO 28288 --- [springboot-mvc] [main] o.s.o.j.p.SpringPersistenceUnitInfo      : No LoadTimeWeaver setup: ignoring JPA class transformer
2025-06-22T21:36:03.840+08:00  INFO 28288 --- [springboot-mvc] [main] com.zaxxer.hikari.HikariDataSource       : HikariPool-1 - Starting...
2025-06-22T21:36:03.866+08:00  INFO 28288 --- [springboot-mvc] [main] com.zaxxer.hikari.pool.HikariPool        : HikariPool-1 - Added connection com.mysql.cj.jdbc.ConnectionImpl@5847010
2025-06-22T21:36:03.882+08:00  INFO 28288 --- [springboot-mvc] [main] com.zaxxer.hikari.HikariDataSource       : HikariPool-1 - Start completed.
2025-06-22T21:36:03.924+08:00  WARN 28288 --- [springboot-mvc] [main] org.hibernate.orm.deprecation            : HHH90000025: MySQLDialect does not need to be specified explicitly using 'hibernate.dialect' (remove the property setting and it will be selected by default)
2025-06-22T21:36:03.951+08:00  INFO 28288 --- [springboot-mvc] [main] org.hibernate.orm.connections.pooling    : HHH10001005: Database info:
	Database JDBC URL [Connecting through datasource 'HikariDataSource (HikariPool-1)']
	Database driver: undefined/unknown
	Database version: 8.0.34
	Autocommit mode: undefined/unknown
	Isolation level: undefined/unknown
	Minimum pool size: undefined/unknown
	Maximum pool size: undefined/unknown
2025-06-22T21:36:04.068+08:00  WARN 28288 --- [springboot-mvc] [main] ConfigServletWebServerApplicationContext : Exception encountered during context initialization - cancelling refresh attempt: org.springframework.beans.factory.BeanCreationException: Error creating bean with name 'entityManagerFactory' defined in class path resource [org/springframework/boot/autoconfigure/orm/jpa/HibernateJpaConfiguration.class]: Property 'com.example.demo.model.entity.StakeHolder.stakeHolderMatrix' is annotated '@Enumerated' but its type 'java.lang.String' is not an enum
2025-06-22T21:36:04.083+08:00  INFO 28288 --- [springboot-mvc] [main] com.zaxxer.hikari.HikariDataSource       : HikariPool-1 - Shutdown initiated...
2025-06-22T21:36:04.128+08:00  INFO 28288 --- [springboot-mvc] [main] com.zaxxer.hikari.HikariDataSource       : HikariPool-1 - Shutdown completed.
2025-06-22T21:36:04.145+08:00  INFO 28288 --- [springboot-mvc] [main] o.apache.catalina.core.StandardService   : Stopping service [Tomcat]
2025-06-22T21:36:04.168+08:00  INFO 28288 --- [springboot-mvc] [main] .s.b.a.l.ConditionEvaluationReportLogger : 

Error starting ApplicationContext. To display the condition evaluation report re-run your application with 'debug' enabled.
